#
# There is insufficient memory for the Java Runtime Environment to continue.
# Native memory allocation (malloc) failed to allocate 891616 bytes for Chunk::new
# Possible reasons:
#   The system is out of physical RAM or swap space
#   The process is running with CompressedOops enabled, and the Java Heap may be blocking the growth of the native heap
# Possible solutions:
#   Reduce memory load on the system
#   Increase physical memory or swap space
#   Check if swap backing store is full
#   Decrease Java heap size (-Xmx/-Xms)
#   Decrease number of Java threads
#   Decrease Java thread stack sizes (-Xss)
#   Set larger code cache with -XX:ReservedCodeCacheSize=
#   JVM is running with Unscaled Compressed Oops mode in which the Java heap is
#     placed in the first 4GB address space. The Java Heap base address is the
#     maximum limit for the native heap growth. Please use -XX:HeapBaseMinAddress
#     to set the Java Heap base and to place the Java Heap above 4GB virtual address.
# This output file may be truncated or incomplete.
#
#  Out of Memory Error (arena.cpp:168), pid=3012, tid=19568
#
# JRE version: OpenJDK Runtime Environment (21.0.1+12) (build 21.0.1+12-29)
# Java VM: OpenJDK 64-Bit Server VM (21.0.1+12-29, mixed mode, sharing, tiered, compressed oops, compressed class ptrs, g1 gc, windows-amd64)
# No core dump will be written. Minidumps are not enabled by default on client versions of Windows
#

---------------  S U M M A R Y ------------

Command Line: -javaagent:E:\Intellij\IntelliJ IDEA Community Edition 2023.3\lib\idea_rt.jar=58355:E:\Intellij\IntelliJ IDEA Community Edition 2023.3\bin -Dfile.encoding=UTF-8 -Dsun.stdout.encoding=UTF-8 -Dsun.stderr.encoding=UTF-8 com.example.moodTrack.MoodTrackApplication

Host: Intel(R) Core(TM) i5-10210U CPU @ 1.60GHz, 8 cores, 7G,  Windows 11 , 64 bit Build 22621 (10.0.22621.3672)
Time: Tue Jun 25 16:30:51 2024 Sri Lanka Standard Time elapsed time: 2.993520 seconds (0d 0h 0m 2s)

---------------  T H R E A D  ---------------

Current thread (0x000001d46f9dfef0):  JavaThread "C2 CompilerThread2" daemon [_thread_in_native, id=19568, stack(0x000000ca78000000,0x000000ca78100000) (1024K)]


Current CompileTask:
C2:   2993 2861   !   4       jdk.internal.loader.BuiltinClassLoader::loadClassOrNull (143 bytes)

Stack: [0x000000ca78000000,0x000000ca78100000]
Native frames: (J=compiled Java code, j=interpreted, Vv=VM code, C=native code)
V  [jvm.dll+0x6c9029]
V  [jvm.dll+0x854b81]
V  [jvm.dll+0x856e5e]
V  [jvm.dll+0x857543]
V  [jvm.dll+0x280c06]
V  [jvm.dll+0xc3ead]
V  [jvm.dll+0xc43c3]
V  [jvm.dll+0x2f3f3f]
V  [jvm.dll+0x5f40a6]
V  [jvm.dll+0x252bef]
V  [jvm.dll+0x252fbf]
V  [jvm.dll+0x24b734]
V  [jvm.dll+0x248fa3]
V  [jvm.dll+0x1c9ca1]
V  [jvm.dll+0x2586b9]
V  [jvm.dll+0x256c9a]
V  [jvm.dll+0x3ef1b6]
V  [jvm.dll+0x7fd728]
V  [jvm.dll+0x6c777d]
C  [ucrtbase.dll+0x29333]
C  [KERNEL32.DLL+0x1257d]
C  [ntdll.dll+0x5af28]


---------------  P R O C E S S  ---------------

Threads class SMR info:
_java_thread_list=0x000001d46f99c590, length=14, elements={
0x000001d40a6aaaf0, 0x000001d42905d570, 0x000001d42905ee00, 0x000001d429061650,
0x000001d4290633f0, 0x000001d4290662c0, 0x000001d429067130, 0x000001d429074d90,
0x000001d429089c40, 0x000001d42902ac60, 0x000001d4293ba850, 0x000001d4293f6200,
0x000001d429502e60, 0x000001d46f9dfef0
}

Java Threads: ( => current thread )
  0x000001d40a6aaaf0 JavaThread "main"                              [_thread_in_vm, id=12672, stack(0x000000ca76400000,0x000000ca76500000) (1024K)]
  0x000001d42905d570 JavaThread "Reference Handler"          daemon [_thread_blocked, id=5804, stack(0x000000ca76c00000,0x000000ca76d00000) (1024K)]
  0x000001d42905ee00 JavaThread "Finalizer"                  daemon [_thread_blocked, id=19448, stack(0x000000ca76d00000,0x000000ca76e00000) (1024K)]
  0x000001d429061650 JavaThread "Signal Dispatcher"          daemon [_thread_blocked, id=8204, stack(0x000000ca76e00000,0x000000ca76f00000) (1024K)]
  0x000001d4290633f0 JavaThread "Attach Listener"            daemon [_thread_blocked, id=3928, stack(0x000000ca76f00000,0x000000ca77000000) (1024K)]
  0x000001d4290662c0 JavaThread "Service Thread"             daemon [_thread_blocked, id=18300, stack(0x000000ca77000000,0x000000ca77100000) (1024K)]
  0x000001d429067130 JavaThread "Monitor Deflation Thread"   daemon [_thread_blocked, id=2064, stack(0x000000ca77100000,0x000000ca77200000) (1024K)]
  0x000001d429074d90 JavaThread "C2 CompilerThread0"         daemon [_thread_in_native, id=17904, stack(0x000000ca77200000,0x000000ca77300000) (1024K)]
  0x000001d429089c40 JavaThread "C1 CompilerThread0"         daemon [_thread_blocked, id=16680, stack(0x000000ca77300000,0x000000ca77400000) (1024K)]
  0x000001d42902ac60 JavaThread "Common-Cleaner"             daemon [_thread_blocked, id=3712, stack(0x000000ca77400000,0x000000ca77500000) (1024K)]
  0x000001d4293ba850 JavaThread "C2 CompilerThread1"         daemon [_thread_in_native, id=18804, stack(0x000000ca77500000,0x000000ca77600000) (1024K)]
  0x000001d4293f6200 JavaThread "Monitor Ctrl-Break"         daemon [_thread_in_native, id=9524, stack(0x000000ca77600000,0x000000ca77700000) (1024K)]
  0x000001d429502e60 JavaThread "Notification Thread"        daemon [_thread_blocked, id=19536, stack(0x000000ca77700000,0x000000ca77800000) (1024K)]
=>0x000001d46f9dfef0 JavaThread "C2 CompilerThread2"         daemon [_thread_in_native, id=19568, stack(0x000000ca78000000,0x000000ca78100000) (1024K)]
Total: 14

Other Threads:
  0x000001d429041bb0 VMThread "VM Thread"                           [id=11116, stack(0x000000ca76b00000,0x000000ca76c00000) (1024K)]
  0x000001d4290284e0 WatcherThread "VM Periodic Task Thread"        [id=4328, stack(0x000000ca76a00000,0x000000ca76b00000) (1024K)]
  0x000001d40a836b90 WorkerThread "GC Thread#0"                     [id=13712, stack(0x000000ca76500000,0x000000ca76600000) (1024K)]
  0x000001d46f0c08a0 WorkerThread "GC Thread#1"                     [id=17160, stack(0x000000ca77800000,0x000000ca77900000) (1024K)]
  0x000001d46f0bda40 WorkerThread "GC Thread#2"                     [id=5316, stack(0x000000ca77900000,0x000000ca77a00000) (1024K)]
  0x000001d46f12e4b0 WorkerThread "GC Thread#3"                     [id=20264, stack(0x000000ca77a00000,0x000000ca77b00000) (1024K)]
  0x000001d46f12e850 WorkerThread "GC Thread#4"                     [id=1452, stack(0x000000ca77b00000,0x000000ca77c00000) (1024K)]
  0x000001d46f12ebf0 WorkerThread "GC Thread#5"                     [id=17240, stack(0x000000ca77c00000,0x000000ca77d00000) (1024K)]
  0x000001d46f12ef90 WorkerThread "GC Thread#6"                     [id=10800, stack(0x000000ca77d00000,0x000000ca77e00000) (1024K)]
  0x000001d46f12f330 WorkerThread "GC Thread#7"                     [id=19600, stack(0x000000ca77e00000,0x000000ca77f00000) (1024K)]
  0x000001d40a847720 ConcurrentGCThread "G1 Main Marker"            [id=9580, stack(0x000000ca76600000,0x000000ca76700000) (1024K)]
  0x000001d40a848230 WorkerThread "G1 Conc#0"                       [id=19980, stack(0x000000ca76700000,0x000000ca76800000) (1024K)]
  0x000001d428efa450 ConcurrentGCThread "G1 Refine#0"               [id=8128, stack(0x000000ca76800000,0x000000ca76900000) (1024K)]
  0x000001d428efafc0 ConcurrentGCThread "G1 Service"                [id=16572, stack(0x000000ca76900000,0x000000ca76a00000) (1024K)]
Total: 14

Threads with active compile tasks:
C2 CompilerThread0     3023 2964       4       org.springframework.beans.factory.support.AbstractBeanFactory::isTypeMatch (745 bytes)
C2 CompilerThread1     3023 2969       4       org.springframework.core.annotation.MergedAnnotationsCollection$AnnotationsSpliterator::tryAdvance (116 bytes)
C2 CompilerThread2     3023 2861   !   4       jdk.internal.loader.BuiltinClassLoader::loadClassOrNull (143 bytes)
Total: 3

VM state: not at safepoint (normal execution)

VM Mutex/Monitor currently owned by a thread: None

Heap address: 0x0000000083000000, size: 2000 MB, Compressed Oops mode: 32-bit

CDS archive(s) mapped at: [0x000001d42a000000-0x000001d42ac90000-0x000001d42ac90000), size 13172736, SharedBaseAddress: 0x000001d42a000000, ArchiveRelocationMode: 1.
Compressed class space mapped at: 0x000001d42b000000-0x000001d46b000000, reserved size: 1073741824
Narrow klass base: 0x000001d42a000000, Narrow klass shift: 0, Narrow klass range: 0x100000000

GC Precious Log:
 CardTable entry size: 512
 Card Set container configuration: InlinePtr #cards 5 size 8 Array Of Cards #cards 12 size 40 Howl #buckets 4 coarsen threshold 1843 Howl Bitmap #cards 512 size 80 coarsen threshold 460 Card regions per heap region 1 cards per card region 2048
 CPUs: 8 total, 8 available
 Memory: 7995M
 Large Page Support: Disabled
 NUMA Support: Disabled
 Compressed Oops: Enabled (32-bit)
 Heap Region Size: 1M
 Heap Min Capacity: 8M
 Heap Initial Capacity: 126M
 Heap Max Capacity: 2000M
 Pre-touch: Disabled
 Parallel Workers: 8
 Concurrent Workers: 2
 Concurrent Refinement Workers: 8
 Periodic GC: Disabled

Heap:
 garbage-first heap   total 129024K, used 46806K [0x0000000083000000, 0x0000000100000000)
  region size 1024K, 40 young (40960K), 3 survivors (3072K)
 Metaspace       used 20474K, committed 20800K, reserved 1114112K
  class space    used 2466K, committed 2624K, reserved 1048576K

Heap Regions: E=young(eden), S=young(survivor), O=old, HS=humongous(starts), HC=humongous(continues), CS=collection set, F=free, TAMS=top-at-mark-start, PB=parsable bottom
|   0|0x0000000083000000, 0x0000000083100000, 0x0000000083100000|100%|HS|  |TAMS 0x0000000083000000| PB 0x0000000083000000| Complete 
|   1|0x0000000083100000, 0x0000000083200000, 0x0000000083200000|100%| O|  |TAMS 0x0000000083100000| PB 0x0000000083100000| Untracked 
|   2|0x0000000083200000, 0x0000000083300000, 0x0000000083300000|100%| O|  |TAMS 0x0000000083200000| PB 0x0000000083200000| Untracked 
|   3|0x0000000083300000, 0x0000000083400000, 0x0000000083400000|100%| O|  |TAMS 0x0000000083300000| PB 0x0000000083300000| Untracked 
|   4|0x0000000083400000, 0x0000000083500000, 0x0000000083500000|100%| O|  |TAMS 0x0000000083400000| PB 0x0000000083400000| Untracked 
|   5|0x0000000083500000, 0x0000000083600000, 0x0000000083600000|100%| O|  |TAMS 0x0000000083500000| PB 0x0000000083500000| Untracked 
|   6|0x0000000083600000, 0x0000000083700000, 0x0000000083700000|100%| O|  |TAMS 0x0000000083600000| PB 0x0000000083600000| Untracked 
|   7|0x0000000083700000, 0x000000008376f6d8, 0x0000000083800000| 43%| O|  |TAMS 0x0000000083700000| PB 0x0000000083700000| Untracked 
|   8|0x0000000083800000, 0x0000000083800000, 0x0000000083900000|  0%| F|  |TAMS 0x0000000083800000| PB 0x0000000083800000| Untracked 
|   9|0x0000000083900000, 0x0000000083900000, 0x0000000083a00000|  0%| F|  |TAMS 0x0000000083900000| PB 0x0000000083900000| Untracked 
|  10|0x0000000083a00000, 0x0000000083a00000, 0x0000000083b00000|  0%| F|  |TAMS 0x0000000083a00000| PB 0x0000000083a00000| Untracked 
|  11|0x0000000083b00000, 0x0000000083b00000, 0x0000000083c00000|  0%| F|  |TAMS 0x0000000083b00000| PB 0x0000000083b00000| Untracked 
|  12|0x0000000083c00000, 0x0000000083c00000, 0x0000000083d00000|  0%| F|  |TAMS 0x0000000083c00000| PB 0x0000000083c00000| Untracked 
|  13|0x0000000083d00000, 0x0000000083d00000, 0x0000000083e00000|  0%| F|  |TAMS 0x0000000083d00000| PB 0x0000000083d00000| Untracked 
|  14|0x0000000083e00000, 0x0000000083e00000, 0x0000000083f00000|  0%| F|  |TAMS 0x0000000083e00000| PB 0x0000000083e00000| Untracked 
|  15|0x0000000083f00000, 0x0000000083f00000, 0x0000000084000000|  0%| F|  |TAMS 0x0000000083f00000| PB 0x0000000083f00000| Untracked 
|  16|0x0000000084000000, 0x0000000084000000, 0x0000000084100000|  0%| F|  |TAMS 0x0000000084000000| PB 0x0000000084000000| Untracked 
|  17|0x0000000084100000, 0x0000000084100000, 0x0000000084200000|  0%| F|  |TAMS 0x0000000084100000| PB 0x0000000084100000| Untracked 
|  18|0x0000000084200000, 0x0000000084200000, 0x0000000084300000|  0%| F|  |TAMS 0x0000000084200000| PB 0x0000000084200000| Untracked 
|  19|0x0000000084300000, 0x0000000084300000, 0x0000000084400000|  0%| F|  |TAMS 0x0000000084300000| PB 0x0000000084300000| Untracked 
|  20|0x0000000084400000, 0x0000000084400000, 0x0000000084500000|  0%| F|  |TAMS 0x0000000084400000| PB 0x0000000084400000| Untracked 
|  21|0x0000000084500000, 0x0000000084500000, 0x0000000084600000|  0%| F|  |TAMS 0x0000000084500000| PB 0x0000000084500000| Untracked 
|  22|0x0000000084600000, 0x0000000084600000, 0x0000000084700000|  0%| F|  |TAMS 0x0000000084600000| PB 0x0000000084600000| Untracked 
|  23|0x0000000084700000, 0x0000000084700000, 0x0000000084800000|  0%| F|  |TAMS 0x0000000084700000| PB 0x0000000084700000| Untracked 
|  24|0x0000000084800000, 0x0000000084800000, 0x0000000084900000|  0%| F|  |TAMS 0x0000000084800000| PB 0x0000000084800000| Untracked 
|  25|0x0000000084900000, 0x0000000084900000, 0x0000000084a00000|  0%| F|  |TAMS 0x0000000084900000| PB 0x0000000084900000| Untracked 
|  26|0x0000000084a00000, 0x0000000084a00000, 0x0000000084b00000|  0%| F|  |TAMS 0x0000000084a00000| PB 0x0000000084a00000| Untracked 
|  27|0x0000000084b00000, 0x0000000084b00000, 0x0000000084c00000|  0%| F|  |TAMS 0x0000000084b00000| PB 0x0000000084b00000| Untracked 
|  28|0x0000000084c00000, 0x0000000084c00000, 0x0000000084d00000|  0%| F|  |TAMS 0x0000000084c00000| PB 0x0000000084c00000| Untracked 
|  29|0x0000000084d00000, 0x0000000084d00000, 0x0000000084e00000|  0%| F|  |TAMS 0x0000000084d00000| PB 0x0000000084d00000| Untracked 
|  30|0x0000000084e00000, 0x0000000084e00000, 0x0000000084f00000|  0%| F|  |TAMS 0x0000000084e00000| PB 0x0000000084e00000| Untracked 
|  31|0x0000000084f00000, 0x0000000084f00000, 0x0000000085000000|  0%| F|  |TAMS 0x0000000084f00000| PB 0x0000000084f00000| Untracked 
|  32|0x0000000085000000, 0x0000000085000000, 0x0000000085100000|  0%| F|  |TAMS 0x0000000085000000| PB 0x0000000085000000| Untracked 
|  33|0x0000000085100000, 0x0000000085100000, 0x0000000085200000|  0%| F|  |TAMS 0x0000000085100000| PB 0x0000000085100000| Untracked 
|  34|0x0000000085200000, 0x0000000085200000, 0x0000000085300000|  0%| F|  |TAMS 0x0000000085200000| PB 0x0000000085200000| Untracked 
|  35|0x0000000085300000, 0x0000000085300000, 0x0000000085400000|  0%| F|  |TAMS 0x0000000085300000| PB 0x0000000085300000| Untracked 
|  36|0x0000000085400000, 0x0000000085400000, 0x0000000085500000|  0%| F|  |TAMS 0x0000000085400000| PB 0x0000000085400000| Untracked 
|  37|0x0000000085500000, 0x0000000085500000, 0x0000000085600000|  0%| F|  |TAMS 0x0000000085500000| PB 0x0000000085500000| Untracked 
|  38|0x0000000085600000, 0x0000000085600000, 0x0000000085700000|  0%| F|  |TAMS 0x0000000085600000| PB 0x0000000085600000| Untracked 
|  39|0x0000000085700000, 0x0000000085700000, 0x0000000085800000|  0%| F|  |TAMS 0x0000000085700000| PB 0x0000000085700000| Untracked 
|  40|0x0000000085800000, 0x0000000085800000, 0x0000000085900000|  0%| F|  |TAMS 0x0000000085800000| PB 0x0000000085800000| Untracked 
|  41|0x0000000085900000, 0x0000000085900000, 0x0000000085a00000|  0%| F|  |TAMS 0x0000000085900000| PB 0x0000000085900000| Untracked 
|  42|0x0000000085a00000, 0x0000000085a00000, 0x0000000085b00000|  0%| F|  |TAMS 0x0000000085a00000| PB 0x0000000085a00000| Untracked 
|  43|0x0000000085b00000, 0x0000000085b00000, 0x0000000085c00000|  0%| F|  |TAMS 0x0000000085b00000| PB 0x0000000085b00000| Untracked 
|  44|0x0000000085c00000, 0x0000000085c00000, 0x0000000085d00000|  0%| F|  |TAMS 0x0000000085c00000| PB 0x0000000085c00000| Untracked 
|  45|0x0000000085d00000, 0x0000000085d00000, 0x0000000085e00000|  0%| F|  |TAMS 0x0000000085d00000| PB 0x0000000085d00000| Untracked 
|  46|0x0000000085e00000, 0x0000000085e00000, 0x0000000085f00000|  0%| F|  |TAMS 0x0000000085e00000| PB 0x0000000085e00000| Untracked 
|  47|0x0000000085f00000, 0x0000000085f00000, 0x0000000086000000|  0%| F|  |TAMS 0x0000000085f00000| PB 0x0000000085f00000| Untracked 
|  48|0x0000000086000000, 0x0000000086000000, 0x0000000086100000|  0%| F|  |TAMS 0x0000000086000000| PB 0x0000000086000000| Untracked 
|  49|0x0000000086100000, 0x0000000086100000, 0x0000000086200000|  0%| F|  |TAMS 0x0000000086100000| PB 0x0000000086100000| Untracked 
|  50|0x0000000086200000, 0x0000000086200000, 0x0000000086300000|  0%| F|  |TAMS 0x0000000086200000| PB 0x0000000086200000| Untracked 
|  51|0x0000000086300000, 0x0000000086300000, 0x0000000086400000|  0%| F|  |TAMS 0x0000000086300000| PB 0x0000000086300000| Untracked 
|  52|0x0000000086400000, 0x0000000086400000, 0x0000000086500000|  0%| F|  |TAMS 0x0000000086400000| PB 0x0000000086400000| Untracked 
|  53|0x0000000086500000, 0x0000000086500000, 0x0000000086600000|  0%| F|  |TAMS 0x0000000086500000| PB 0x0000000086500000| Untracked 
|  54|0x0000000086600000, 0x0000000086600000, 0x0000000086700000|  0%| F|  |TAMS 0x0000000086600000| PB 0x0000000086600000| Untracked 
|  55|0x0000000086700000, 0x0000000086700000, 0x0000000086800000|  0%| F|  |TAMS 0x0000000086700000| PB 0x0000000086700000| Untracked 
|  56|0x0000000086800000, 0x0000000086800000, 0x0000000086900000|  0%| F|  |TAMS 0x0000000086800000| PB 0x0000000086800000| Untracked 
|  57|0x0000000086900000, 0x0000000086900000, 0x0000000086a00000|  0%| F|  |TAMS 0x0000000086900000| PB 0x0000000086900000| Untracked 
|  58|0x0000000086a00000, 0x0000000086a00000, 0x0000000086b00000|  0%| F|  |TAMS 0x0000000086a00000| PB 0x0000000086a00000| Untracked 
|  59|0x0000000086b00000, 0x0000000086b00000, 0x0000000086c00000|  0%| F|  |TAMS 0x0000000086b00000| PB 0x0000000086b00000| Untracked 
|  60|0x0000000086c00000, 0x0000000086c00000, 0x0000000086d00000|  0%| F|  |TAMS 0x0000000086c00000| PB 0x0000000086c00000| Untracked 
|  61|0x0000000086d00000, 0x0000000086d00000, 0x0000000086e00000|  0%| F|  |TAMS 0x0000000086d00000| PB 0x0000000086d00000| Untracked 
|  62|0x0000000086e00000, 0x0000000086e00000, 0x0000000086f00000|  0%| F|  |TAMS 0x0000000086e00000| PB 0x0000000086e00000| Untracked 
|  63|0x0000000086f00000, 0x0000000086f00000, 0x0000000087000000|  0%| F|  |TAMS 0x0000000086f00000| PB 0x0000000086f00000| Untracked 
|  64|0x0000000087000000, 0x0000000087000000, 0x0000000087100000|  0%| F|  |TAMS 0x0000000087000000| PB 0x0000000087000000| Untracked 
|  65|0x0000000087100000, 0x0000000087100000, 0x0000000087200000|  0%| F|  |TAMS 0x0000000087100000| PB 0x0000000087100000| Untracked 
|  66|0x0000000087200000, 0x0000000087200000, 0x0000000087300000|  0%| F|  |TAMS 0x0000000087200000| PB 0x0000000087200000| Untracked 
|  67|0x0000000087300000, 0x0000000087300000, 0x0000000087400000|  0%| F|  |TAMS 0x0000000087300000| PB 0x0000000087300000| Untracked 
|  68|0x0000000087400000, 0x0000000087400000, 0x0000000087500000|  0%| F|  |TAMS 0x0000000087400000| PB 0x0000000087400000| Untracked 
|  69|0x0000000087500000, 0x0000000087500000, 0x0000000087600000|  0%| F|  |TAMS 0x0000000087500000| PB 0x0000000087500000| Untracked 
|  70|0x0000000087600000, 0x0000000087600000, 0x0000000087700000|  0%| F|  |TAMS 0x0000000087600000| PB 0x0000000087600000| Untracked 
|  71|0x0000000087700000, 0x0000000087700000, 0x0000000087800000|  0%| F|  |TAMS 0x0000000087700000| PB 0x0000000087700000| Untracked 
|  72|0x0000000087800000, 0x0000000087800000, 0x0000000087900000|  0%| F|  |TAMS 0x0000000087800000| PB 0x0000000087800000| Untracked 
|  73|0x0000000087900000, 0x0000000087900000, 0x0000000087a00000|  0%| F|  |TAMS 0x0000000087900000| PB 0x0000000087900000| Untracked 
|  74|0x0000000087a00000, 0x0000000087a00000, 0x0000000087b00000|  0%| F|  |TAMS 0x0000000087a00000| PB 0x0000000087a00000| Untracked 
|  75|0x0000000087b00000, 0x0000000087b00000, 0x0000000087c00000|  0%| F|  |TAMS 0x0000000087b00000| PB 0x0000000087b00000| Untracked 
|  76|0x0000000087c00000, 0x0000000087c00000, 0x0000000087d00000|  0%| F|  |TAMS 0x0000000087c00000| PB 0x0000000087c00000| Untracked 
|  77|0x0000000087d00000, 0x0000000087d00000, 0x0000000087e00000|  0%| F|  |TAMS 0x0000000087d00000| PB 0x0000000087d00000| Untracked 
|  78|0x0000000087e00000, 0x0000000087e00000, 0x0000000087f00000|  0%| F|  |TAMS 0x0000000087e00000| PB 0x0000000087e00000| Untracked 
|  79|0x0000000087f00000, 0x0000000087f00000, 0x0000000088000000|  0%| F|  |TAMS 0x0000000087f00000| PB 0x0000000087f00000| Untracked 
|  80|0x0000000088000000, 0x0000000088000000, 0x0000000088100000|  0%| F|  |TAMS 0x0000000088000000| PB 0x0000000088000000| Untracked 
|  81|0x0000000088100000, 0x0000000088100000, 0x0000000088200000|  0%| F|  |TAMS 0x0000000088100000| PB 0x0000000088100000| Untracked 
|  82|0x0000000088200000, 0x0000000088200000, 0x0000000088300000|  0%| F|  |TAMS 0x0000000088200000| PB 0x0000000088200000| Untracked 
|  83|0x0000000088300000, 0x0000000088300000, 0x0000000088400000|  0%| F|  |TAMS 0x0000000088300000| PB 0x0000000088300000| Untracked 
|  84|0x0000000088400000, 0x0000000088400000, 0x0000000088500000|  0%| F|  |TAMS 0x0000000088400000| PB 0x0000000088400000| Untracked 
|  85|0x0000000088500000, 0x0000000088500000, 0x0000000088600000|  0%| F|  |TAMS 0x0000000088500000| PB 0x0000000088500000| Untracked 
|  86|0x0000000088600000, 0x00000000886ec0e0, 0x0000000088700000| 92%| E|  |TAMS 0x0000000088600000| PB 0x0000000088600000| Complete 
|  87|0x0000000088700000, 0x0000000088800000, 0x0000000088800000|100%| E|CS|TAMS 0x0000000088700000| PB 0x0000000088700000| Complete 
|  88|0x0000000088800000, 0x0000000088900000, 0x0000000088900000|100%| E|CS|TAMS 0x0000000088800000| PB 0x0000000088800000| Complete 
|  89|0x0000000088900000, 0x0000000088a00000, 0x0000000088a00000|100%| E|CS|TAMS 0x0000000088900000| PB 0x0000000088900000| Complete 
|  90|0x0000000088a00000, 0x0000000088b00000, 0x0000000088b00000|100%| E|CS|TAMS 0x0000000088a00000| PB 0x0000000088a00000| Complete 
|  91|0x0000000088b00000, 0x0000000088c00000, 0x0000000088c00000|100%| E|CS|TAMS 0x0000000088b00000| PB 0x0000000088b00000| Complete 
|  92|0x0000000088c00000, 0x0000000088c464e0, 0x0000000088d00000| 27%| S|CS|TAMS 0x0000000088c00000| PB 0x0000000088c00000| Complete 
|  93|0x0000000088d00000, 0x0000000088e00000, 0x0000000088e00000|100%| S|CS|TAMS 0x0000000088d00000| PB 0x0000000088d00000| Complete 
|  94|0x0000000088e00000, 0x0000000088f00000, 0x0000000088f00000|100%| S|CS|TAMS 0x0000000088e00000| PB 0x0000000088e00000| Complete 
|  95|0x0000000088f00000, 0x0000000089000000, 0x0000000089000000|100%| E|CS|TAMS 0x0000000088f00000| PB 0x0000000088f00000| Complete 
|  96|0x0000000089000000, 0x0000000089100000, 0x0000000089100000|100%| E|CS|TAMS 0x0000000089000000| PB 0x0000000089000000| Complete 
|  97|0x0000000089100000, 0x0000000089200000, 0x0000000089200000|100%| E|CS|TAMS 0x0000000089100000| PB 0x0000000089100000| Complete 
|  98|0x0000000089200000, 0x0000000089300000, 0x0000000089300000|100%| E|CS|TAMS 0x0000000089200000| PB 0x0000000089200000| Complete 
|  99|0x0000000089300000, 0x0000000089400000, 0x0000000089400000|100%| E|CS|TAMS 0x0000000089300000| PB 0x0000000089300000| Complete 
| 100|0x0000000089400000, 0x0000000089500000, 0x0000000089500000|100%| E|CS|TAMS 0x0000000089400000| PB 0x0000000089400000| Complete 
| 101|0x0000000089500000, 0x0000000089600000, 0x0000000089600000|100%| E|CS|TAMS 0x0000000089500000| PB 0x0000000089500000| Complete 
| 102|0x0000000089600000, 0x0000000089700000, 0x0000000089700000|100%| E|CS|TAMS 0x0000000089600000| PB 0x0000000089600000| Complete 
| 103|0x0000000089700000, 0x0000000089800000, 0x0000000089800000|100%| E|CS|TAMS 0x0000000089700000| PB 0x0000000089700000| Complete 
| 104|0x0000000089800000, 0x0000000089900000, 0x0000000089900000|100%| E|CS|TAMS 0x0000000089800000| PB 0x0000000089800000| Complete 
| 105|0x0000000089900000, 0x0000000089a00000, 0x0000000089a00000|100%| E|CS|TAMS 0x0000000089900000| PB 0x0000000089900000| Complete 
| 106|0x0000000089a00000, 0x0000000089b00000, 0x0000000089b00000|100%| E|CS|TAMS 0x0000000089a00000| PB 0x0000000089a00000| Complete 
| 107|0x0000000089b00000, 0x0000000089c00000, 0x0000000089c00000|100%| E|CS|TAMS 0x0000000089b00000| PB 0x0000000089b00000| Complete 
| 108|0x0000000089c00000, 0x0000000089d00000, 0x0000000089d00000|100%| E|CS|TAMS 0x0000000089c00000| PB 0x0000000089c00000| Complete 
| 109|0x0000000089d00000, 0x0000000089e00000, 0x0000000089e00000|100%| E|CS|TAMS 0x0000000089d00000| PB 0x0000000089d00000| Complete 
| 110|0x0000000089e00000, 0x0000000089f00000, 0x0000000089f00000|100%| E|CS|TAMS 0x0000000089e00000| PB 0x0000000089e00000| Complete 
| 111|0x0000000089f00000, 0x000000008a000000, 0x000000008a000000|100%| E|CS|TAMS 0x0000000089f00000| PB 0x0000000089f00000| Complete 
| 112|0x000000008a000000, 0x000000008a100000, 0x000000008a100000|100%| E|CS|TAMS 0x000000008a000000| PB 0x000000008a000000| Complete 
| 113|0x000000008a100000, 0x000000008a200000, 0x000000008a200000|100%| E|CS|TAMS 0x000000008a100000| PB 0x000000008a100000| Complete 
| 114|0x000000008a200000, 0x000000008a300000, 0x000000008a300000|100%| E|CS|TAMS 0x000000008a200000| PB 0x000000008a200000| Complete 
| 115|0x000000008a300000, 0x000000008a400000, 0x000000008a400000|100%| E|CS|TAMS 0x000000008a300000| PB 0x000000008a300000| Complete 
| 116|0x000000008a400000, 0x000000008a500000, 0x000000008a500000|100%| E|CS|TAMS 0x000000008a400000| PB 0x000000008a400000| Complete 
| 117|0x000000008a500000, 0x000000008a600000, 0x000000008a600000|100%| E|CS|TAMS 0x000000008a500000| PB 0x000000008a500000| Complete 
| 118|0x000000008a600000, 0x000000008a700000, 0x000000008a700000|100%| E|CS|TAMS 0x000000008a600000| PB 0x000000008a600000| Complete 
| 119|0x000000008a700000, 0x000000008a800000, 0x000000008a800000|100%| E|CS|TAMS 0x000000008a700000| PB 0x000000008a700000| Complete 
| 120|0x000000008a800000, 0x000000008a900000, 0x000000008a900000|100%| E|CS|TAMS 0x000000008a800000| PB 0x000000008a800000| Complete 
| 121|0x000000008a900000, 0x000000008aa00000, 0x000000008aa00000|100%| E|CS|TAMS 0x000000008a900000| PB 0x000000008a900000| Complete 
| 122|0x000000008aa00000, 0x000000008ab00000, 0x000000008ab00000|100%| E|CS|TAMS 0x000000008aa00000| PB 0x000000008aa00000| Complete 
| 123|0x000000008ab00000, 0x000000008ac00000, 0x000000008ac00000|100%| E|CS|TAMS 0x000000008ab00000| PB 0x000000008ab00000| Complete 
| 124|0x000000008ac00000, 0x000000008ad00000, 0x000000008ad00000|100%| E|CS|TAMS 0x000000008ac00000| PB 0x000000008ac00000| Complete 
| 125|0x000000008ad00000, 0x000000008ae00000, 0x000000008ae00000|100%| E|CS|TAMS 0x000000008ad00000| PB 0x000000008ad00000| Complete 

Card table byte_map: [0x000001d424250000,0x000001d424640000] _byte_map_base: 0x000001d423e38000

Marking Bits: (CMBitMap*) 0x000001d40a837290
 Bits: [0x000001d424640000, 0x000001d426580000)

Polling page: 0x000001d40a8a0000

Metaspace:

Usage:
  Non-class:     17.59 MB used.
      Class:      2.41 MB used.
       Both:     20.00 MB used.

Virtual space:
  Non-class space:       64.00 MB reserved,      17.75 MB ( 28%) committed,  1 nodes.
      Class space:        1.00 GB reserved,       2.56 MB ( <1%) committed,  1 nodes.
             Both:        1.06 GB reserved,      20.31 MB (  2%) committed. 

Chunk freelists:
   Non-Class:  14.25 MB
       Class:  13.48 MB
        Both:  27.73 MB

MaxMetaspaceSize: unlimited
CompressedClassSpaceSize: 1.00 GB
Initial GC threshold: 21.00 MB
Current GC threshold: 21.00 MB
CDS: on
 - commit_granule_bytes: 65536.
 - commit_granule_words: 8192.
 - virtual_space_node_default_size: 8388608.
 - enlarge_chunks_in_place: 1.
 - use_allocation_guard: 0.


Internal statistics:

num_allocs_failed_limit: 0.
num_arena_births: 288.
num_arena_deaths: 0.
num_vsnodes_births: 2.
num_vsnodes_deaths: 0.
num_space_committed: 325.
num_space_uncommitted: 0.
num_chunks_returned_to_freelist: 0.
num_chunks_taken_from_freelist: 972.
num_chunk_merges: 0.
num_chunk_splits: 666.
num_chunks_enlarged: 496.
num_inconsistent_stats: 0.

CodeHeap 'non-profiled nmethods': size=120000Kb used=1286Kb max_used=1286Kb free=118713Kb
 bounds [0x000001d41bec0000, 0x000001d41c130000, 0x000001d4233f0000]
CodeHeap 'profiled nmethods': size=120000Kb used=6041Kb max_used=6041Kb free=113958Kb
 bounds [0x000001d4143f0000, 0x000001d4149e0000, 0x000001d41b920000]
CodeHeap 'non-nmethods': size=5760Kb used=1439Kb max_used=1567Kb free=4320Kb
 bounds [0x000001d41b920000, 0x000001d41bb90000, 0x000001d41bec0000]
 total_blobs=3518 nmethods=2992 adapters=429
 compilation: enabled
              stopped_count=0, restarted_count=0
 full_count=0

Compilation events (20 events):
Event: 2.980 Thread 0x000001d429089c40 nmethod 2957 0x000001d4149ca190 code [0x000001d4149ca360, 0x000001d4149ca610]
Event: 2.980 Thread 0x000001d429089c40 2956       3       org.springframework.core.annotation.MergedAnnotationsCollection::stream (10 bytes)
Event: 2.980 Thread 0x000001d429089c40 nmethod 2956 0x000001d4149ca710 code [0x000001d4149ca8e0, 0x000001d4149cad58]
Event: 2.980 Thread 0x000001d429089c40 2954       3       org.springframework.core.annotation.TypeMappedAnnotations$MergedAnnotationFinder::doWithAnnotations (10 bytes)
Event: 2.981 Thread 0x000001d429089c40 nmethod 2954 0x000001d4149caf10 code [0x000001d4149cb0c0, 0x000001d4149cb218]
Event: 2.981 Thread 0x000001d429089c40 2955       1       org.springframework.beans.BeanMetadataAttributeAccessor::getSource (5 bytes)
Event: 2.981 Thread 0x000001d429089c40 nmethod 2955 0x000001d41bffcd10 code [0x000001d41bffcea0, 0x000001d41bffcf68]
Event: 2.982 Thread 0x000001d429074d90 nmethod 2947 0x000001d41bffd010 code [0x000001d41bffd200, 0x000001d41bffda78]
Event: 2.982 Thread 0x000001d429089c40 2958       3       org.springframework.core.ResolvableType::isAssignableFrom (36 bytes)
Event: 2.982 Thread 0x000001d4293ba850 2960       4       org.springframework.beans.factory.support.AbstractBeanFactory::isFactoryBean (62 bytes)
Event: 2.982 Thread 0x000001d429089c40 nmethod 2958 0x000001d4149cb310 code [0x000001d4149cb500, 0x000001d4149cb9d0]
Event: 2.982 Thread 0x000001d429089c40 2959       3       org.springframework.core.ResolvableType::isAssignableFrom (8 bytes)
Event: 2.982 Thread 0x000001d429074d90 2961       4       java.util.IdentityHashMap::get (60 bytes)
Event: 2.983 Thread 0x000001d429089c40 nmethod 2959 0x000001d4149cbb10 code [0x000001d4149cbcc0, 0x000001d4149cbe10]
Event: 2.985 Thread 0x000001d429089c40 2962       3       org.springframework.util.ClassUtils::getShortName (52 bytes)
Event: 2.986 Thread 0x000001d429089c40 nmethod 2962 0x000001d4149cbe90 code [0x000001d4149cc120, 0x000001d4149ccaf8]
Event: 2.986 Thread 0x000001d429074d90 nmethod 2961 0x000001d41bffdd10 code [0x000001d41bffdec0, 0x000001d41bffe128]
Event: 2.987 Thread 0x000001d4293ba850 nmethod 2960 0x000001d41bffe310 code [0x000001d41bffe4c0, 0x000001d41bffe7c0]
Event: 2.991 Thread 0x000001d4293ba850 2963       4       org.springframework.util.ClassUtils::isAssignable (84 bytes)
Event: 2.991 Thread 0x000001d429074d90 2964       4       org.springframework.beans.factory.support.AbstractBeanFactory::isTypeMatch (745 bytes)

GC Heap History (4 events):
Event: 1.132 GC heap before
{Heap before GC invocations=0 (full 0):
 garbage-first heap   total 129024K, used 23552K [0x0000000083000000, 0x0000000100000000)
  region size 1024K, 23 young (23552K), 0 survivors (0K)
 Metaspace       used 6771K, committed 7040K, reserved 1114112K
  class space    used 769K, committed 896K, reserved 1048576K
}
Event: 1.141 GC heap after
{Heap after GC invocations=1 (full 0):
 garbage-first heap   total 129024K, used 7253K [0x0000000083000000, 0x0000000100000000)
  region size 1024K, 3 young (3072K), 3 survivors (3072K)
 Metaspace       used 6771K, committed 7040K, reserved 1114112K
  class space    used 769K, committed 896K, reserved 1048576K
}
Event: 1.912 GC heap before
{Heap before GC invocations=1 (full 0):
 garbage-first heap   total 129024K, used 34901K [0x0000000083000000, 0x0000000100000000)
  region size 1024K, 31 young (31744K), 3 survivors (3072K)
 Metaspace       used 14524K, committed 14784K, reserved 1114112K
  class space    used 1725K, committed 1856K, reserved 1048576K
}
Event: 1.920 GC heap after
{Heap after GC invocations=2 (full 0):
 garbage-first heap   total 129024K, used 9942K [0x0000000083000000, 0x0000000100000000)
  region size 1024K, 3 young (3072K), 3 survivors (3072K)
 Metaspace       used 14524K, committed 14784K, reserved 1114112K
  class space    used 1725K, committed 1856K, reserved 1048576K
}

Dll operation events (11 events):
Event: 0.012 Loaded shared library C:\Users\HP\.jdks\openjdk-21.0.1\bin\java.dll
Event: 0.064 Loaded shared library C:\Users\HP\.jdks\openjdk-21.0.1\bin\jsvml.dll
Event: 0.211 Loaded shared library C:\Users\HP\.jdks\openjdk-21.0.1\bin\zip.dll
Event: 0.220 Loaded shared library C:\Users\HP\.jdks\openjdk-21.0.1\bin\instrument.dll
Event: 0.236 Loaded shared library C:\Users\HP\.jdks\openjdk-21.0.1\bin\net.dll
Event: 0.239 Loaded shared library C:\Users\HP\.jdks\openjdk-21.0.1\bin\nio.dll
Event: 0.244 Loaded shared library C:\Users\HP\.jdks\openjdk-21.0.1\bin\zip.dll
Event: 0.386 Loaded shared library E:\Intellij\IntelliJ IDEA Community Edition 2023.3\bin\breakgen64.dll
Event: 0.400 Loaded shared library C:\Users\HP\.jdks\openjdk-21.0.1\bin\extnet.dll
Event: 0.453 Loaded shared library C:\Users\HP\.jdks\openjdk-21.0.1\bin\jimage.dll
Event: 2.211 Loaded shared library C:\Users\HP\.jdks\openjdk-21.0.1\bin\sunmscapi.dll

Deoptimization events (20 events):
Event: 2.736 Thread 0x000001d40a6aaaf0 Uncommon trap: trap_request=0xffffffde fr.pc=0x000001d41becd4e0 relative=0x00000000000001c0
Event: 2.736 Thread 0x000001d40a6aaaf0 Uncommon trap: reason=class_check action=maybe_recompile pc=0x000001d41becd4e0 method=java.lang.String.equals(Ljava/lang/Object;)Z @ 8 c2
Event: 2.736 Thread 0x000001d40a6aaaf0 DEOPT PACKING pc=0x000001d41becd4e0 sp=0x000000ca764fe8f0
Event: 2.736 Thread 0x000001d40a6aaaf0 DEOPT UNPACKING pc=0x000001d41b9746a2 sp=0x000000ca764fe878 mode 2
Event: 2.736 Thread 0x000001d40a6aaaf0 Uncommon trap: trap_request=0xffffffde fr.pc=0x000001d41becd4e0 relative=0x00000000000001c0
Event: 2.736 Thread 0x000001d40a6aaaf0 Uncommon trap: reason=class_check action=maybe_recompile pc=0x000001d41becd4e0 method=java.lang.String.equals(Ljava/lang/Object;)Z @ 8 c2
Event: 2.736 Thread 0x000001d40a6aaaf0 DEOPT PACKING pc=0x000001d41becd4e0 sp=0x000000ca764fe8f0
Event: 2.736 Thread 0x000001d40a6aaaf0 DEOPT UNPACKING pc=0x000001d41b9746a2 sp=0x000000ca764fe878 mode 2
Event: 2.736 Thread 0x000001d40a6aaaf0 Uncommon trap: trap_request=0xffffffde fr.pc=0x000001d41becd4e0 relative=0x00000000000001c0
Event: 2.736 Thread 0x000001d40a6aaaf0 Uncommon trap: reason=class_check action=maybe_recompile pc=0x000001d41becd4e0 method=java.lang.String.equals(Ljava/lang/Object;)Z @ 8 c2
Event: 2.736 Thread 0x000001d40a6aaaf0 DEOPT PACKING pc=0x000001d41becd4e0 sp=0x000000ca764fe8f0
Event: 2.736 Thread 0x000001d40a6aaaf0 DEOPT UNPACKING pc=0x000001d41b9746a2 sp=0x000000ca764fe878 mode 2
Event: 2.738 Thread 0x000001d40a6aaaf0 Uncommon trap: trap_request=0xffffffde fr.pc=0x000001d41bfd34c8 relative=0x00000000000004c8
Event: 2.738 Thread 0x000001d40a6aaaf0 Uncommon trap: reason=class_check action=maybe_recompile pc=0x000001d41bfd34c8 method=java.lang.String.equals(Ljava/lang/Object;)Z @ 8 c2
Event: 2.738 Thread 0x000001d40a6aaaf0 DEOPT PACKING pc=0x000001d41bfd34c8 sp=0x000000ca764fe650
Event: 2.738 Thread 0x000001d40a6aaaf0 DEOPT UNPACKING pc=0x000001d41b9746a2 sp=0x000000ca764fe508 mode 2
Event: 2.738 Thread 0x000001d40a6aaaf0 Uncommon trap: trap_request=0xffffffde fr.pc=0x000001d41becd4e0 relative=0x00000000000001c0
Event: 2.738 Thread 0x000001d40a6aaaf0 Uncommon trap: reason=class_check action=maybe_recompile pc=0x000001d41becd4e0 method=java.lang.String.equals(Ljava/lang/Object;)Z @ 8 c2
Event: 2.738 Thread 0x000001d40a6aaaf0 DEOPT PACKING pc=0x000001d41becd4e0 sp=0x000000ca764fe590
Event: 2.738 Thread 0x000001d40a6aaaf0 DEOPT UNPACKING pc=0x000001d41b9746a2 sp=0x000000ca764fe518 mode 2

Classes loaded (20 events):
Event: 2.202 Loading class javax/security/auth/callback/CallbackHandler
Event: 2.203 Loading class javax/security/auth/callback/CallbackHandler done
Event: 2.203 Loading class javax/security/auth/Subject
Event: 2.203 Loading class javax/security/auth/Subject done
Event: 2.213 Loading class com/sun/security/sasl/Provider
Event: 2.213 Loading class com/sun/security/sasl/Provider done
Event: 2.214 Loading class com/sun/security/sasl/Provider$1
Event: 2.214 Loading class com/sun/security/sasl/Provider$1 done
Event: 2.214 Loading class com/sun/security/sasl/Provider$ProviderService
Event: 2.214 Loading class com/sun/security/sasl/Provider$ProviderService done
Event: 2.214 Loading class sun/security/provider/certpath/ldap/JdkLDAP
Event: 2.215 Loading class sun/security/provider/certpath/ldap/JdkLDAP done
Event: 2.221 Loading class sun/security/provider/certpath/ldap/JdkLDAP$ProviderService
Event: 2.221 Loading class sun/security/provider/certpath/ldap/JdkLDAP$ProviderService done
Event: 2.494 Loading class java/beans/PropertyVetoException
Event: 2.495 Loading class java/beans/PropertyVetoException done
Event: 2.968 Loading class java/lang/UnsupportedClassVersionError
Event: 2.968 Loading class java/lang/ClassFormatError
Event: 2.968 Loading class java/lang/ClassFormatError done
Event: 2.968 Loading class java/lang/UnsupportedClassVersionError done

Classes unloaded (0 events):
No events

Classes redefined (0 events):
No events

Internal exceptions (20 events):
Event: 1.417 Thread 0x000001d40a6aaaf0 Exception <a 'java/lang/NoSuchMethodError'{0x000000008a885ff0}: 'java.lang.Object java.lang.invoke.DirectMethodHandle$Holder.invokeVirtual(java.lang.Object, java.lang.Object, java.lang.Object)'> (0x000000008a885ff0) 
thrown [s\open\src\hotspot\share\interpreter\linkResolver.cpp, line 773]
Event: 1.425 Thread 0x000001d40a6aaaf0 Exception <a 'java/lang/NoSuchMethodError'{0x000000008a8aa418}: 'java.lang.Object java.lang.invoke.DirectMethodHandle$Holder.invokeStatic(java.lang.Object, long, java.lang.Object)'> (0x000000008a8aa418) 
thrown [s\open\src\hotspot\share\interpreter\linkResolver.cpp, line 773]
Event: 1.425 Thread 0x000001d40a6aaaf0 Exception <a 'java/lang/NoSuchMethodError'{0x000000008a8ada70}: 'java.lang.Object java.lang.invoke.DirectMethodHandle$Holder.invokeStaticInit(java.lang.Object, long, java.lang.Object)'> (0x000000008a8ada70) 
thrown [s\open\src\hotspot\share\interpreter\linkResolver.cpp, line 773]
Event: 1.426 Thread 0x000001d40a6aaaf0 Exception <a 'java/lang/NoSuchMethodError'{0x000000008a8b3210}: 'java.lang.Object java.lang.invoke.DirectMethodHandle$Holder.newInvokeSpecial(java.lang.Object, long)'> (0x000000008a8b3210) 
thrown [s\open\src\hotspot\share\interpreter\linkResolver.cpp, line 773]
Event: 1.452 Thread 0x000001d40a6aaaf0 Exception <a 'java/lang/NoSuchMethodError'{0x000000008a7100e8}: 'void java.lang.invoke.DirectMethodHandle$Holder.invokeVirtual(java.lang.Object, java.lang.Object, java.lang.Object, java.lang.Object)'> (0x000000008a7100e8) 
thrown [s\open\src\hotspot\share\interpreter\linkResolver.cpp, line 773]
Event: 1.517 Thread 0x000001d40a6aaaf0 Exception <a 'java/lang/NoSuchMethodError'{0x000000008a6535d0}: 'void java.lang.invoke.DirectMethodHandle$Holder.invokeSpecial(java.lang.Object, java.lang.Object, java.lang.Object)'> (0x000000008a6535d0) 
thrown [s\open\src\hotspot\share\interpreter\linkResolver.cpp, line 773]
Event: 1.526 Thread 0x000001d40a6aaaf0 Exception <a 'java/lang/IncompatibleClassChangeError'{0x000000008a67fa90}: Found class java.lang.Object, but interface was expected> (0x000000008a67fa90) 
thrown [s\open\src\hotspot\share\interpreter\linkResolver.cpp, line 840]
Event: 1.533 Thread 0x000001d40a6aaaf0 Exception <a 'java/lang/NoSuchMethodError'{0x000000008a695118}: 'java.lang.Object java.lang.invoke.DirectMethodHandle$Holder.invokeStaticInit(java.lang.Object, int)'> (0x000000008a695118) 
thrown [s\open\src\hotspot\share\interpreter\linkResolver.cpp, line 773]
Event: 1.536 Thread 0x000001d40a6aaaf0 Exception <a 'java/lang/NoSuchMethodError'{0x000000008a69f2b0}: 'java.lang.Object java.lang.invoke.DirectMethodHandle$Holder.invokeStatic(java.lang.Object, int, java.lang.Object)'> (0x000000008a69f2b0) 
thrown [s\open\src\hotspot\share\interpreter\linkResolver.cpp, line 773]
Event: 1.536 Thread 0x000001d40a6aaaf0 Exception <a 'java/lang/NoSuchMethodError'{0x000000008a6a2900}: 'java.lang.Object java.lang.invoke.DirectMethodHandle$Holder.invokeStaticInit(java.lang.Object, int, java.lang.Object)'> (0x000000008a6a2900) 
thrown [s\open\src\hotspot\share\interpreter\linkResolver.cpp, line 773]
Event: 1.550 Thread 0x000001d46f1a8170 Exception <a 'java/lang/NoClassDefFoundError'{0x000000008a6d9ab8}: jakarta/validation/Validation> (0x000000008a6d9ab8) 
thrown [s\open\src\hotspot\share\classfile\systemDictionary.cpp, line 301]
Event: 1.908 Thread 0x000001d40a6aaaf0 Exception <a 'java/lang/NoSuchMethodError'{0x00000000890c3670}: 'int java.lang.invoke.DirectMethodHandle$Holder.invokeSpecial(java.lang.Object, java.lang.Object, java.lang.Object, java.lang.Object, java.lang.Object)'> (0x00000000890c3670) 
thrown [s\open\src\hotspot\share\interpreter\linkResolver.cpp, line 773]
Event: 1.911 Thread 0x000001d40a6aaaf0 Exception <a 'java/lang/NoSuchMethodError'{0x00000000890cb758}: 'void java.lang.invoke.DirectMethodHandle$Holder.invokeVirtual(java.lang.Object, java.lang.Object)'> (0x00000000890cb758) 
thrown [s\open\src\hotspot\share\interpreter\linkResolver.cpp, line 773]
Event: 2.031 Thread 0x000001d46f1a8170 Exception <a 'java/lang/NoSuchMethodError'{0x000000008a52b9f8}: 'long java.lang.invoke.DirectMethodHandle$Holder.invokeSpecial(java.lang.Object, java.lang.Object)'> (0x000000008a52b9f8) 
thrown [s\open\src\hotspot\share\interpreter\linkResolver.cpp, line 773]
Event: 2.035 Thread 0x000001d46f1a8170 Exception <a 'java/lang/NoSuchMethodError'{0x000000008a535580}: 'long java.lang.invoke.DirectMethodHandle$Holder.invokeStatic(java.lang.Object, java.lang.Object)'> (0x000000008a535580) 
thrown [s\open\src\hotspot\share\interpreter\linkResolver.cpp, line 773]
Event: 2.035 Thread 0x000001d46f1a8170 Exception <a 'java/lang/NoSuchMethodError'{0x000000008a538638}: 'long java.lang.invoke.DirectMethodHandle$Holder.invokeStaticInit(java.lang.Object, java.lang.Object)'> (0x000000008a538638) 
thrown [s\open\src\hotspot\share\interpreter\linkResolver.cpp, line 773]
Event: 2.038 Thread 0x000001d46f1a8170 Exception <a 'java/lang/NoSuchMethodError'{0x000000008a5444d0}: 'long java.lang.invoke.DirectMethodHandle$Holder.invokeInterface(java.lang.Object, java.lang.Object)'> (0x000000008a5444d0) 
thrown [s\open\src\hotspot\share\interpreter\linkResolver.cpp, line 773]
Event: 2.039 Thread 0x000001d46f1a8170 Exception <a 'java/lang/IncompatibleClassChangeError'{0x000000008a5474d0}: Found class java.lang.Object, but interface was expected> (0x000000008a5474d0) 
thrown [s\open\src\hotspot\share\interpreter\linkResolver.cpp, line 840]
Event: 2.043 Thread 0x000001d46f1a8170 Exception <a 'java/lang/NoSuchMethodError'{0x000000008a5d5160}: 'java.lang.Object java.lang.invoke.DirectMethodHandle$Holder.invokeVirtual(java.lang.Object, java.lang.Object, java.lang.Object, java.lang.Object)'> (0x000000008a5d5160) 
thrown [s\open\src\hotspot\share\interpreter\linkResolver.cpp, line 773]
Event: 2.154 Thread 0x000001d40a6aaaf0 Exception <a 'java/lang/IncompatibleClassChangeError'{0x0000000089f602a8}: Found class java.lang.Object, but interface was expected> (0x0000000089f602a8) 
thrown [s\open\src\hotspot\share\interpreter\linkResolver.cpp, line 840]

ZGC Phase Switch (0 events):
No events

VM Operations (20 events):
Event: 1.513 Executing VM operation: HandshakeAllThreads (Deoptimize)
Event: 1.513 Executing VM operation: HandshakeAllThreads (Deoptimize) done
Event: 1.565 Executing VM operation: ICBufferFull
Event: 1.566 Executing VM operation: ICBufferFull done
Event: 1.810 Executing VM operation: HandshakeAllThreads (Deoptimize)
Event: 1.810 Executing VM operation: HandshakeAllThreads (Deoptimize) done
Event: 1.827 Executing VM operation: HandshakeAllThreads (Deoptimize)
Event: 1.827 Executing VM operation: HandshakeAllThreads (Deoptimize) done
Event: 1.885 Executing VM operation: HandshakeAllThreads (Deoptimize)
Event: 1.885 Executing VM operation: HandshakeAllThreads (Deoptimize) done
Event: 1.912 Executing VM operation: G1CollectForAllocation (G1 Evacuation Pause)
Event: 1.920 Executing VM operation: G1CollectForAllocation (G1 Evacuation Pause) done
Event: 2.093 Executing VM operation: HandshakeAllThreads (Deoptimize)
Event: 2.094 Executing VM operation: HandshakeAllThreads (Deoptimize) done
Event: 2.167 Executing VM operation: HandshakeAllThreads (Deoptimize)
Event: 2.167 Executing VM operation: HandshakeAllThreads (Deoptimize) done
Event: 2.427 Executing VM operation: ICBufferFull
Event: 2.427 Executing VM operation: ICBufferFull done
Event: 2.853 Executing VM operation: ICBufferFull
Event: 2.853 Executing VM operation: ICBufferFull done

Events (18 events):
Event: 0.035 Thread 0x000001d40a6aaaf0 Thread added: 0x000001d40a6aaaf0
Event: 0.060 Thread 0x000001d42905d570 Thread added: 0x000001d42905d570
Event: 0.061 Thread 0x000001d42905ee00 Thread added: 0x000001d42905ee00
Event: 0.061 Thread 0x000001d429061650 Thread added: 0x000001d429061650
Event: 0.061 Thread 0x000001d4290633f0 Thread added: 0x000001d4290633f0
Event: 0.061 Thread 0x000001d4290662c0 Thread added: 0x000001d4290662c0
Event: 0.061 Thread 0x000001d429067130 Thread added: 0x000001d429067130
Event: 0.062 Thread 0x000001d429074d90 Thread added: 0x000001d429074d90
Event: 0.062 Thread 0x000001d429089c40 Thread added: 0x000001d429089c40
Event: 0.176 Thread 0x000001d42902ac60 Thread added: 0x000001d42902ac60
Event: 0.271 Thread 0x000001d4293ba850 Thread added: 0x000001d4293ba850
Event: 0.387 Thread 0x000001d4293f6200 Thread added: 0x000001d4293f6200
Event: 0.387 Thread 0x000001d429502e60 Thread added: 0x000001d429502e60
Event: 1.522 Thread 0x000001d46f1a8170 Thread added: 0x000001d46f1a8170
Event: 2.080 Thread 0x000001d46f79fda0 Thread added: 0x000001d46f79fda0
Event: 2.113 Thread 0x000001d46f79fda0 Thread exited: 0x000001d46f79fda0
Event: 2.172 Thread 0x000001d46f9dfef0 Thread added: 0x000001d46f9dfef0
Event: 2.223 Thread 0x000001d46f1a8170 Thread exited: 0x000001d46f1a8170


Dynamic libraries:
0x00007ff6fbea0000 - 0x00007ff6fbeae000 	C:\Users\HP\.jdks\openjdk-21.0.1\bin\java.exe
0x00007ffbc2650000 - 0x00007ffbc2867000 	C:\WINDOWS\SYSTEM32\ntdll.dll
0x00007ffbc0870000 - 0x00007ffbc0934000 	C:\WINDOWS\System32\KERNEL32.DLL
0x00007ffbbfce0000 - 0x00007ffbc008c000 	C:\WINDOWS\System32\KERNELBASE.dll
0x00007ffbc0200000 - 0x00007ffbc0311000 	C:\WINDOWS\System32\ucrtbase.dll
0x00007ffbab540000 - 0x00007ffbab55b000 	C:\Users\HP\.jdks\openjdk-21.0.1\bin\VCRUNTIME140.dll
0x00007ffbab4d0000 - 0x00007ffbab4e8000 	C:\Users\HP\.jdks\openjdk-21.0.1\bin\jli.dll
0x00007ffbc1560000 - 0x00007ffbc170e000 	C:\WINDOWS\System32\USER32.dll
0x00007ffbbfad0000 - 0x00007ffbbfaf6000 	C:\WINDOWS\System32\win32u.dll
0x00007ffbc1840000 - 0x00007ffbc1869000 	C:\WINDOWS\System32\GDI32.dll
0x00007ffba94f0000 - 0x00007ffba9783000 	C:\WINDOWS\WinSxS\amd64_microsoft.windows.common-controls_6595b64144ccf1df_6.0.22621.3672_none_2713b9d173822955\COMCTL32.dll
0x00007ffbbfbc0000 - 0x00007ffbbfcd9000 	C:\WINDOWS\System32\gdi32full.dll
0x00007ffbc2560000 - 0x00007ffbc2607000 	C:\WINDOWS\System32\msvcrt.dll
0x00007ffbbf980000 - 0x00007ffbbfa1a000 	C:\WINDOWS\System32\msvcp_win.dll
0x00007ffbc18f0000 - 0x00007ffbc1921000 	C:\WINDOWS\System32\IMM32.DLL
0x00007ffbb9260000 - 0x00007ffbb926c000 	C:\Users\HP\.jdks\openjdk-21.0.1\bin\vcruntime140_1.dll
0x00007ffb82550000 - 0x00007ffb825de000 	C:\Users\HP\.jdks\openjdk-21.0.1\bin\msvcp140.dll
0x00007ffb1c330000 - 0x00007ffb1d045000 	C:\Users\HP\.jdks\openjdk-21.0.1\bin\server\jvm.dll
0x00007ffbc2200000 - 0x00007ffbc22b2000 	C:\WINDOWS\System32\ADVAPI32.dll
0x00007ffbc2150000 - 0x00007ffbc21fa000 	C:\WINDOWS\System32\sechost.dll
0x00007ffbbfaa0000 - 0x00007ffbbfac8000 	C:\WINDOWS\System32\bcrypt.dll
0x00007ffbc1440000 - 0x00007ffbc1555000 	C:\WINDOWS\System32\RPCRT4.dll
0x00007ffbc1870000 - 0x00007ffbc18e1000 	C:\WINDOWS\System32\WS2_32.dll
0x00007ffbbf840000 - 0x00007ffbbf88d000 	C:\WINDOWS\SYSTEM32\POWRPROF.dll
0x00007ffba6b90000 - 0x00007ffba6bc4000 	C:\WINDOWS\SYSTEM32\WINMM.dll
0x00007ffbb83b0000 - 0x00007ffbb83ba000 	C:\WINDOWS\SYSTEM32\VERSION.dll
0x00007ffbbf820000 - 0x00007ffbbf833000 	C:\WINDOWS\SYSTEM32\UMPDC.dll
0x00007ffbbe9b0000 - 0x00007ffbbe9c8000 	C:\WINDOWS\SYSTEM32\kernel.appcore.dll
0x00007ffbab530000 - 0x00007ffbab53a000 	C:\Users\HP\.jdks\openjdk-21.0.1\bin\jimage.dll
0x00007ffbbd2b0000 - 0x00007ffbbd4e2000 	C:\WINDOWS\SYSTEM32\DBGHELP.DLL
0x00007ffbc03b0000 - 0x00007ffbc0738000 	C:\WINDOWS\System32\combase.dll
0x00007ffbc0790000 - 0x00007ffbc0867000 	C:\WINDOWS\System32\OLEAUT32.dll
0x00007ffba3570000 - 0x00007ffba35a2000 	C:\WINDOWS\SYSTEM32\dbgcore.DLL
0x00007ffbbfa20000 - 0x00007ffbbfa9b000 	C:\WINDOWS\System32\bcryptPrimitives.dll
0x00007ffba9790000 - 0x00007ffba979f000 	C:\Users\HP\.jdks\openjdk-21.0.1\bin\instrument.dll
0x00007ffba7b70000 - 0x00007ffba7b8f000 	C:\Users\HP\.jdks\openjdk-21.0.1\bin\java.dll
0x00007ffbc0940000 - 0x00007ffbc119c000 	C:\WINDOWS\System32\SHELL32.dll
0x00007ffbbd8d0000 - 0x00007ffbbe1c7000 	C:\WINDOWS\SYSTEM32\windows.storage.dll
0x00007ffbbd790000 - 0x00007ffbbd8cf000 	C:\WINDOWS\SYSTEM32\wintypes.dll
0x00007ffbc1290000 - 0x00007ffbc1384000 	C:\WINDOWS\System32\SHCORE.dll
0x00007ffbc1230000 - 0x00007ffbc128e000 	C:\WINDOWS\System32\shlwapi.dll
0x00007ffbbf8b0000 - 0x00007ffbbf8d1000 	C:\WINDOWS\SYSTEM32\profapi.dll
0x00007ffb74a80000 - 0x00007ffb74b57000 	C:\Users\HP\.jdks\openjdk-21.0.1\bin\jsvml.dll
0x00007ffba5800000 - 0x00007ffba5818000 	C:\Users\HP\.jdks\openjdk-21.0.1\bin\zip.dll
0x00007ffba8140000 - 0x00007ffba8150000 	C:\Users\HP\.jdks\openjdk-21.0.1\bin\net.dll
0x00007ffbbbc00000 - 0x00007ffbbbd36000 	C:\WINDOWS\SYSTEM32\WINHTTP.dll
0x00007ffbbee20000 - 0x00007ffbbee89000 	C:\WINDOWS\system32\mswsock.dll
0x00007ffba55b0000 - 0x00007ffba55c6000 	C:\Users\HP\.jdks\openjdk-21.0.1\bin\nio.dll
0x00007ffba4ac0000 - 0x00007ffba4ada000 	E:\Intellij\IntelliJ IDEA Community Edition 2023.3\bin\breakgen64.dll
0x00007ffba7c10000 - 0x00007ffba7c17000 	C:\Users\HP\.jdks\openjdk-21.0.1\bin\extnet.dll
0x00007ffba57f0000 - 0x00007ffba57fe000 	C:\Users\HP\.jdks\openjdk-21.0.1\bin\sunmscapi.dll
0x00007ffbc0090000 - 0x00007ffbc01f7000 	C:\WINDOWS\System32\CRYPT32.dll
0x00007ffbbf220000 - 0x00007ffbbf24e000 	C:\WINDOWS\SYSTEM32\ncrypt.dll
0x00007ffbbf1e0000 - 0x00007ffbbf217000 	C:\WINDOWS\SYSTEM32\NTASN1.dll

dbghelp: loaded successfully - version: 4.0.5 - missing functions: none
symbol engine: initialized successfully - sym options: 0x614 - pdb path: .;C:\Users\HP\.jdks\openjdk-21.0.1\bin;C:\WINDOWS\SYSTEM32;C:\WINDOWS\WinSxS\amd64_microsoft.windows.common-controls_6595b64144ccf1df_6.0.22621.3672_none_2713b9d173822955;C:\Users\HP\.jdks\openjdk-21.0.1\bin\server;E:\Intellij\IntelliJ IDEA Community Edition 2023.3\bin

VM Arguments:
jvm_args: -javaagent:E:\Intellij\IntelliJ IDEA Community Edition 2023.3\lib\idea_rt.jar=58355:E:\Intellij\IntelliJ IDEA Community Edition 2023.3\bin -Dfile.encoding=UTF-8 -Dsun.stdout.encoding=UTF-8 -Dsun.stderr.encoding=UTF-8 
java_command: com.example.moodTrack.MoodTrackApplication
java_class_path (initial): E:\MoodTracking\BackEnd\moodTrack\target\classes;C:\Users\HP\.m2\repository\org\springframework\boot\spring-boot-starter-data-jpa\3.3.0\spring-boot-starter-data-jpa-3.3.0.jar;C:\Users\HP\.m2\repository\org\springframework\boot\spring-boot-starter-aop\3.3.0\spring-boot-starter-aop-3.3.0.jar;C:\Users\HP\.m2\repository\org\springframework\spring-aop\6.1.8\spring-aop-6.1.8.jar;C:\Users\HP\.m2\repository\org\aspectj\aspectjweaver\1.9.22\aspectjweaver-1.9.22.jar;C:\Users\HP\.m2\repository\org\springframework\boot\spring-boot-starter-jdbc\3.3.0\spring-boot-starter-jdbc-3.3.0.jar;C:\Users\HP\.m2\repository\com\zaxxer\HikariCP\5.1.0\HikariCP-5.1.0.jar;C:\Users\HP\.m2\repository\org\springframework\spring-jdbc\6.1.8\spring-jdbc-6.1.8.jar;C:\Users\HP\.m2\repository\org\hibernate\orm\hibernate-core\6.5.2.Final\hibernate-core-6.5.2.Final.jar;C:\Users\HP\.m2\repository\jakarta\persistence\jakarta.persistence-api\3.1.0\jakarta.persistence-api-3.1.0.jar;C:\Users\HP\.m2\repository\jakarta\transaction\jakarta.transaction-api\2.0.1\jakarta.transaction-api-2.0.1.jar;C:\Users\HP\.m2\repository\org\jboss\logging\jboss-logging\3.5.3.Final\jboss-logging-3.5.3.Final.jar;C:\Users\HP\.m2\repository\org\hibernate\common\hibernate-commons-annotations\6.0.6.Final\hibernate-commons-annotations-6.0.6.Final.jar;C:\Users\HP\.m2\repository\io\smallrye\jandex\3.1.2\jandex-3.1.2.jar;C:\Users\HP\.m2\repository\com\fasterxml\classmate\1.7.0\classmate-1.7.0.jar;C:\Users\HP\.m2\repository\net\bytebuddy\byte-buddy\1.14.16\byte-buddy-1.14.16.jar;C:\Users\HP\.m2\repository\org\glassfish\jaxb\jaxb-runtime\4.0.5\jaxb-runtime-4.0.5.jar;C:\Users\HP\.m2\repository\org\glassfish\jaxb\jaxb-core\4.0.5\jaxb-core-4.0.5.jar;C:\Users\HP\.m2\repository\org\eclipse\angus\angus-activation\2.0.2\angus-activation-2.0.2.jar;C:\Users\HP\.m2\repository\org\glassfish\jaxb\txw2\4.0.5\txw2-4.0.5.jar;C:\Users\HP\.m2\repository\com\sun\istack\istack-commons-runtime\4.1.2\istack-commons-runtime-4.1.2.jar;C:\Users\HP\.m2\repository\jakarta\inject\jakarta.inject-api\2.0.1\jakarta.inject-api-2.0.1.jar;C:\Users\HP\.m2\repository\org\antlr\antlr4-runtime\4.13.0\antlr4-runtime-4.13.0.jar;C:\Users\HP\.m2\repository\org\springframework\data\spring-data-jpa\3.3.0\spring-data-jpa-3.3.0.jar;C:\Users\HP\.m2\repository\org\springframework\data\spring-data-commons\3.3.0\spring-data-commons-3.3.0.jar;C:\Users\HP\.m2\repository\org\springframework\spring-orm\6.1.8\spring-orm-6.1.8.jar;C:\Users\HP\.m2\repository\org\springframework\spring-context\6.1.8\spring-context-6.1.8.jar;C:\Users\HP\.m2\repository\org\springframework\spring-tx\6.1.8\spring-tx-6.1.8.jar;C:\Users\HP\.m2\repository\org\springframework\spring-beans\6.1.8\spring-beans-6.1.8.jar;C:\Users\HP\.m2\repository\jakarta\annotation\jakarta.annotation-api\2.1.1\jakarta.annotation-api-2.1.1.jar;C:\Users\HP\.m2\repository\org\slf4j\slf4j-api\2.0.13\slf4j-api-2.0.13.jar;C:\Users\HP\.m2\repository\org\springframework\spring-aspects\6.1.8\spring-aspects-6.1.8.jar;C:\Users\HP\.m2\repository\org\springframework\boot\spring-boot-starter-web\3.3.0\spring-boot-starter-web-3.3.0.jar;C:\Users\HP\.m2\repository\org\springframework\boot\spring-boot-starter\3.3.0\spring-boot-starter-3.3.0.jar;C:\Users\HP\.m2\repository\org\springframework\boot\spring-boot\3.3.0\spring-boot-3.3.0.jar;C:\Users\HP\.m2\repository\org\springframework\boot\spring-boot-autoconfigure\3.3.0\spring-boot-autoconfigure-3.3.0.jar;C:\Users\HP\.m2\repository\org\springframework\boot\spring-boot-starter-logging\3.3.0\spring-boot-starter-logging-3.3.0.jar;C:\Users\HP\.m2\repository\ch\qos\logback\logback-classic\1.5.6\logback-classic-1.5.6.jar;C:\Users\HP\.m2\repository\ch\qos\logback\logback-core\1.5.6\logback-core-1.5.6.jar;C:\Users\HP\.m2\repository\org\apache\logging\log4j\log4j-to-slf4j\2.23.1\log4j-to-slf4j-2.23.1.jar;C:\Users\HP\.m2\repository\org\apache\logging\log4j\log4j-api\2.23.1\log4j-api-2.23.1.jar;C:\Users\HP\.m2\repository\org\slf4j\jul-to-slf4j\2.0.13\jul-to-slf4j-2.0.13.jar;C:\Users\HP\.m2\repository\org\yaml\snakeyaml\2.2\snakeyaml-2.2.jar;C:\Users\HP\.m2\repository\org\springframework\boot\spring-boot-starter-json\3.3.0\spring-boot-starter-json-3.3.0.jar;C:\Users\HP\.m2\repository\com\fasterxml\jackson\core\jackson-databind\2.17.1\jackson-databind-2.17.1.jar;C:\Users\HP\.m2\repository\com\fasterxml\jackson\core\jackson-annotations\2.17.1\jackson-annotations-2.17.1.jar;C:\Users\HP\.m2\repository\com\fasterxml\jackson\core\jackson-core\2.17.1\jackson-core-2.17.1.jar;C:\Users\HP\.m2\repository\com\fasterxml\jackson\datatype\jackson-datatype-jdk8\2.17.1\jackson-datatype-jdk8-2.17.1.jar;C:\Users\HP\.m2\repository\com\fasterxml\jackson\datatype\jackson-datatype-jsr310\2.17.1\jackson-datatype-jsr310-2.17.1.jar;C:\Users\HP\.m2\repository\com\fasterxml\jackson\module\jackson-module-parameter-names\2.17.1\jackson-module-parameter-names-2.17.1.jar;C:\Users\HP\.m2\repository\org\springframework\boot\spring-boot-starter-tomcat\3.3.0\spring-boot-starter-tomcat-3.3.0.jar;C:\Users\HP\.m2\repository\org\apache\tomcat\embed\tomcat-embed-core\10.1.24\tomcat-embed-core-10.1.24.jar;C:\Users\HP\.m2\repository\org\apache\tomcat\embed\tomcat-embed-el\10.1.24\tomcat-embed-el-10.1.24.jar;C:\Users\HP\.m2\repository\org\apache\tomcat\embed\tomcat-embed-websocket\10.1.24\tomcat-embed-websocket-10.1.24.jar;C:\Users\HP\.m2\repository\org\springframework\spring-web\6.1.8\spring-web-6.1.8.jar;C:\Users\HP\.m2\repository\io\micrometer\micrometer-observation\1.13.0\micrometer-observation-1.13.0.jar;C:\Users\HP\.m2\repository\io\micrometer\micrometer-commons\1.13.0\micrometer-commons-1.13.0.jar;C:\Users\HP\.m2\repository\org\springframework\spring-webmvc\6.1.8\spring-webmvc-6.1.8.jar;C:\Users\HP\.m2\repository\org\springframework\spring-expression\6.1.8\spring-expression-6.1.8.jar;C:\Users\HP\.m2\repository\com\mysql\mysql-connector-j\8.3.0\mysql-connector-j-8.3.0.jar;C:\Users\HP\.m2\repository\org\projectlombok\lombok\1.18.32\lombok-1.18.32.jar;C:\Users\HP\.m2\repository\jakarta\xml\bind\jakarta.xml.bind-api\4.0.2\jakarta.xml.bind-api-4.0.2.jar;C:\Users\HP\.m2\repository\jakarta\activation\jakarta.activation-api\2.1.3\jakarta.activation-api-2.1.3.jar;C:\Users\HP\.m2\repository\org\springframework\spring-core\6.1.8\spring-core-6.1.8.jar;C:\Users\HP\.m2\repository\org\springframework\spring-jcl\6.1.8\spring-jcl-6.1.8.jar
Launcher Type: SUN_STANDARD

[Global flags]
     intx CICompilerCount                          = 4                                         {product} {ergonomic}
     uint ConcGCThreads                            = 2                                         {product} {ergonomic}
     uint G1ConcRefinementThreads                  = 8                                         {product} {ergonomic}
   size_t G1HeapRegionSize                         = 1048576                                   {product} {ergonomic}
    uintx GCDrainStackTargetSize                   = 64                                        {product} {ergonomic}
   size_t InitialHeapSize                          = 132120576                                 {product} {ergonomic}
   size_t MarkStackSize                            = 4194304                                   {product} {ergonomic}
   size_t MaxHeapSize                              = 2097152000                                {product} {ergonomic}
   size_t MaxNewSize                               = 1258291200                                {product} {ergonomic}
   size_t MinHeapDeltaBytes                        = 1048576                                   {product} {ergonomic}
   size_t MinHeapSize                              = 8388608                                   {product} {ergonomic}
    uintx NonNMethodCodeHeapSize                   = 5839372                                {pd product} {ergonomic}
    uintx NonProfiledCodeHeapSize                  = 122909434                              {pd product} {ergonomic}
    uintx ProfiledCodeHeapSize                     = 122909434                              {pd product} {ergonomic}
    uintx ReservedCodeCacheSize                    = 251658240                              {pd product} {ergonomic}
     bool SegmentedCodeCache                       = true                                      {product} {ergonomic}
   size_t SoftMaxHeapSize                          = 2097152000                             {manageable} {ergonomic}
     bool UseCompressedOops                        = true                           {product lp64_product} {ergonomic}
     bool UseG1GC                                  = true                                      {product} {ergonomic}
     bool UseLargePagesIndividualAllocation        = false                                  {pd product} {ergonomic}

Logging:
Log output configuration:
 #0: stdout all=warning uptime,level,tags foldmultilines=false
 #1: stderr all=off uptime,level,tags foldmultilines=false

Environment Variables:
JAVA_HOME=C:\Program Files\Java\jdk-21
PATH=C:\Program Files\Common Files\Oracle\Java\javapath;F:\Oracle_Databasr_19c\WINDOWS.X64_193000_db_home\bin;C:\WINDOWS\system32;C:\WINDOWS;C:\WINDOWS\System32\Wbem;C:\WINDOWS\System32\WindowsPowerShell\v1.0\;C:\WINDOWS\System32\OpenSSH\;C:\Program Files\Git\cmd;C:\Program Files (x86)\Microsoft SQL Server\160\Tools\Binn\;C:\Program Files\Microsoft SQL Server\160\Tools\Binn\;C:\Program Files\Microsoft SQL Server\Client SDK\ODBC\170\Tools\Binn\;C:\Program Files\Microsoft SQL Server\160\DTS\Binn\;C:\Program Files (x86)\Microsoft SQL Server\160\DTS\Binn\;C:\Program Files\Azure Data Studio\bin;C:\Program Files\dotnet\;C:\Program Files\Microsoft SQL Server\150\Tools\Binn\;E:\Node.js\Installed-20\;C:\Program Files\Java\jdk-21\bin;C:\Program Files\MySQL\MySQL Shell 8.0\bin\;C:\Users\HP\AppData\Local\Microsoft\WindowsApps;C:\Program Files\Azure Data Studio\bin;C:\Users\HP\.dotnet\tools;C:\Users\HP\AppData\Roaming\npm;C:\Users\HP\AppData\Local\Programs\Microsoft VS Code\bin;E:\Intellij_New\install\bin;;E:\Intellij\IntelliJ IDEA Community Edition 2023.3\bin;;C:\Users\HP\AppData\Local\GitHubDesktop\bin
USERNAME=HP
OS=Windows_NT
PROCESSOR_IDENTIFIER=Intel64 Family 6 Model 142 Stepping 12, GenuineIntel
TMP=C:\Users\HP\AppData\Local\Temp
TEMP=C:\Users\HP\AppData\Local\Temp




Periodic native trim disabled

---------------  S Y S T E M  ---------------

OS:
 Windows 11 , 64 bit Build 22621 (10.0.22621.3672)
OS uptime: 5 days 1:13 hours

CPU: total 8 (initial active 8) (4 cores per cpu, 2 threads per core) family 6 model 142 stepping 12 microcode 0xde, cx8, cmov, fxsr, ht, mmx, 3dnowpref, sse, sse2, sse3, ssse3, sse4.1, sse4.2, popcnt, lzcnt, tsc, tscinvbit, avx, avx2, aes, erms, clmul, bmi1, bmi2, adx, fma, vzeroupper, clflush, clflushopt, rdtscp, f16c
Processor Information for processor 0
  Max Mhz: 2112, Current Mhz: 1609, Mhz Limit: 1605
Processor Information for processor 1
  Max Mhz: 2112, Current Mhz: 1609, Mhz Limit: 1605
Processor Information for processor 2
  Max Mhz: 2112, Current Mhz: 1609, Mhz Limit: 1605
Processor Information for processor 3
  Max Mhz: 2112, Current Mhz: 1609, Mhz Limit: 1605
Processor Information for processor 4
  Max Mhz: 2112, Current Mhz: 1609, Mhz Limit: 1605
Processor Information for processor 5
  Max Mhz: 2112, Current Mhz: 1508, Mhz Limit: 1605
Processor Information for processor 6
  Max Mhz: 2112, Current Mhz: 1609, Mhz Limit: 1605
Processor Information for processor 7
  Max Mhz: 2112, Current Mhz: 1609, Mhz Limit: 1605

Memory: 4k page, system-wide physical 7995M (656M free)
TotalPageFile size 16187M (AvailPageFile size 57M)
current process WorkingSet (physical memory assigned to process): 150M, peak: 150M
current process commit charge ("private bytes"): 271M, peak: 275M

vm_info: OpenJDK 64-Bit Server VM (21.0.1+12-29) for windows-amd64 JRE (21.0.1+12-29), built on 2023-10-05T13:27:09Z by "mach5one" with MS VC++ 17.1 (VS2022)

END.
